\BOOKMARK [0][-]{chapter*.2}{\376\377\000I\000n\000t\000r\000o\000d\000u\000c\000c\000i\000\363\000n}{}% 1
\BOOKMARK [0][-]{chapter.1}{\376\377\000P\000r\000i\000n\000c\000i\000p\000i\000o\000s\000\040\000d\000e\000\040\000p\000r\000o\000b\000a\000b\000i\000l\000i\000d\000a\000d\000\040\000e\000\040\000i\000n\000f\000e\000r\000e\000n\000c\000i\000a\000\040\000e\000s\000t\000a\000d\000\355\000s\000t\000i\000c\000a}{}% 2
\BOOKMARK [1][-]{section.1.1}{\376\377\000R\000e\000s\000u\000l\000t\000a\000d\000o\000s\000\040\000b\000\341\000s\000i\000c\000o\000s\000\040\000d\000e\000\040\000p\000r\000o\000b\000a\000b\000i\000l\000i\000d\000a\000d}{chapter.1}% 3
\BOOKMARK [2][-]{subsection.1.1.1}{\376\377\000V\000a\000r\000i\000a\000b\000l\000e\000s\000\040\000y\000\040\000v\000e\000c\000t\000o\000r\000e\000s\000\040\000a\000l\000e\000a\000t\000o\000r\000i\000o\000s}{section.1.1}% 4
\BOOKMARK [2][-]{subsection.1.1.2}{\376\377\000I\000n\000d\000e\000p\000e\000n\000d\000e\000n\000c\000i\000a}{section.1.1}% 5
\BOOKMARK [2][-]{subsection.1.1.3}{\376\377\000D\000i\000s\000t\000r\000i\000b\000u\000c\000i\000o\000n\000e\000s}{section.1.1}% 6
\BOOKMARK [1][-]{section.1.2}{\376\377\000P\000r\000o\000c\000e\000s\000o\000s\000\040\000e\000s\000t\000o\000c\000\341\000s\000t\000i\000c\000o\000s}{chapter.1}% 7
\BOOKMARK [2][-]{subsection.1.2.1}{\376\377\000M\000o\000v\000i\000m\000i\000e\000n\000t\000o\000\040\000B\000r\000o\000w\000n\000i\000a\000n\000o}{section.1.2}% 8
\BOOKMARK [1][-]{section.1.3}{\376\377\000I\000n\000f\000e\000r\000e\000n\000c\000i\000a\000\040\000b\000a\000y\000e\000s\000i\000a\000n\000a}{chapter.1}% 9
\BOOKMARK [2][-]{subsection.1.3.1}{\376\377\000M\000o\000d\000e\000l\000o\000s\000\040\000d\000e\000\040\000M\000a\000r\000k\000o\000v\000\040\000p\000a\000r\000c\000i\000a\000l\000m\000e\000n\000t\000e\000\040\000o\000b\000s\000e\000r\000v\000a\000d\000o\000s}{section.1.3}% 10
\BOOKMARK [2][-]{subsection.1.3.2}{\376\377\000F\000i\000l\000t\000r\000a\000d\000o}{section.1.3}% 11
\BOOKMARK [0][-]{chapter.2}{\376\377\000E\000c\000u\000a\000c\000i\000o\000n\000e\000s\000\040\000d\000i\000f\000e\000r\000e\000n\000c\000i\000a\000l\000e\000s\000\040\000e\000s\000t\000o\000c\000\341\000s\000t\000i\000c\000a\000s\000\040\000y\000\040\000p\000r\000o\000c\000e\000s\000o\000s\000\040\000d\000e\000\040\000d\000i\000f\000u\000s\000i\000\363\000n}{}% 12
\BOOKMARK [1][-]{section.2.1}{\376\377\000S\000o\000l\000u\000c\000i\000\363\000n\000\040\000n\000u\000m\000\351\000r\000i\000c\000a\000\040\000d\000e\000\040\000E\000D\000E\000s}{chapter.2}% 13
\BOOKMARK [2][-]{subsection.2.1.1}{\376\377\000C\000o\000n\000v\000e\000r\000g\000e\000n\000c\000i\000a\000\040\000y\000\040\000c\000o\000n\000s\000i\000s\000t\000e\000n\000c\000i\000a}{section.2.1}% 14
\BOOKMARK [2][-]{subsection.2.1.2}{\376\377\000M\000\351\000t\000o\000d\000o\000\040\000d\000e\000\040\000E\000u\000l\000e\000r\000-\000M\000a\000r\000u\000y\000a\000m\000a}{section.2.1}% 15
\BOOKMARK [2][-]{subsection.2.1.3}{\376\377\000E\000s\000q\000u\000e\000m\000a\000\040\000d\000e\000\040\000M\000i\000l\000s\000t\000e\000i\000n}{section.2.1}% 16
\BOOKMARK [2][-]{subsection.2.1.4}{\376\377\000E\000s\000q\000u\000e\000m\000a\000\040\000d\000e\000\040\000R\000u\000n\000g\000e\000-\000K\000u\000t\000t\000a\000-\000M\000i\000l\000s\000t\000e\000i\000n}{section.2.1}% 17
\BOOKMARK [0][-]{chapter.3}{\376\377\000A\000l\000g\000u\000n\000o\000s\000\040\000m\000\351\000t\000o\000d\000o\000s\000\040\000d\000e\000\040\000i\000n\000f\000e\000r\000e\000n\000c\000i\000a\000\040\000p\000a\000r\000a\000\040\000E\000D\000E\000s}{}% 18
\BOOKMARK [1][-]{section.3.1}{\376\377\000O\000b\000s\000e\000r\000v\000a\000c\000i\000o\000n\000e\000s\000\040\000d\000i\000r\000e\000c\000t\000a\000s\000\040\000d\000e\000\040\000t\000o\000d\000a\000s\000\040\000l\000a\000s\000\040\000v\000a\000r\000i\000a\000b\000l\000e\000s}{chapter.3}% 19
\BOOKMARK [2][-]{subsection.3.1.1}{\376\377\000A\000p\000r\000o\000x\000i\000m\000a\000c\000i\000\363\000n\000\040\000p\000o\000r\000\040\000e\000s\000q\000u\000e\000m\000a\000\040\000d\000e\000\040\000s\000i\000m\000u\000l\000a\000c\000i\000\363\000n}{section.3.1}% 20
\BOOKMARK [0][-]{chapter.4}{\376\377\000A\000p\000l\000i\000c\000a\000c\000i\000o\000n\000e\000s\000\040\000a\000\040\000m\000o\000d\000e\000l\000o\000s\000\040\000e\000p\000i\000d\000e\000m\000i\000o\000l\000\363\000g\000i\000c\000o\000s\000\040\000c\000o\000m\000p\000a\000r\000t\000a\000m\000e\000n\000t\000a\000l\000e\000s}{}% 21
\BOOKMARK [1][-]{section.4.1}{\376\377\000M\000o\000d\000e\000l\000o\000\040\000S\000I\000S}{chapter.4}% 22
\BOOKMARK [1][-]{section.4.2}{\376\377\000M\000o\000d\000e\000l\000o\000\040\000S\000I\000R}{chapter.4}% 23
\BOOKMARK [0][-]{chapter.5}{\376\377\000C\000o\000n\000c\000l\000u\000s\000i\000o\000n\000e\000s}{}% 24
